G:\vs_zn\datatoheadfile\datatoheadfile\Debug\cl.command.1.tlog
G:\vs_zn\datatoheadfile\datatoheadfile\Debug\CL.read.1.tlog
G:\vs_zn\datatoheadfile\datatoheadfile\Debug\CL.write.1.tlog
G:\VS_ZN\DATATOHEADFILE\DATATOHEADFILE\DEBUG\DATATOHEADFILE.EXE.EMBED.MANIFEST
G:\VS_ZN\DATATOHEADFILE\DATATOHEADFILE\DEBUG\DATATOHEADFILE.EXE.EMBED.MANIFEST.RES
G:\VS_ZN\DATATOHEADFILE\DATATOHEADFILE\DEBUG\DATATOHEADFILE.EXE.INTERMEDIATE.MANIFEST
G:\VS_ZN\DATATOHEADFILE\DATATOHEADFILE\DEBUG\DATATOHEADFILE.RES
G:\vs_zn\datatoheadfile\datatoheadfile\Debug\datatoheadfile.vcxprojResolveAssemblyReference.cache
G:\vs_zn\datatoheadfile\datatoheadfile\Debug\datatoheadfile.write.1.tlog
G:\vs_zn\datatoheadfile\datatoheadfile\Debug\datatoheadfile_manifest.rc
G:\vs_zn\datatoheadfile\datatoheadfile\Debug\link.5904.read.1.tlog
G:\vs_zn\datatoheadfile\datatoheadfile\Debug\link.5904.write.1.tlog
G:\vs_zn\datatoheadfile\datatoheadfile\Debug\link.5904-cvtres.read.1.tlog
G:\vs_zn\datatoheadfile\datatoheadfile\Debug\link.5904-cvtres.write.1.tlog
G:\vs_zn\datatoheadfile\datatoheadfile\Debug\link.command.1.tlog
G:\vs_zn\datatoheadfile\datatoheadfile\Debug\link.read.1.tlog
G:\vs_zn\datatoheadfile\datatoheadfile\Debug\link.write.1.tlog
G:\vs_zn\datatoheadfile\datatoheadfile\Debug\link-cvtres.read.1.tlog
G:\vs_zn\datatoheadfile\datatoheadfile\Debug\link-cvtres.write.1.tlog
G:\VS_ZN\DATATOHEADFILE\DATATOHEADFILE\DEBUG\MAIN.OBJ
G:\vs_zn\datatoheadfile\datatoheadfile\Debug\mt.command.1.tlog
G:\vs_zn\datatoheadfile\datatoheadfile\Debug\mt.read.1.tlog
G:\vs_zn\datatoheadfile\datatoheadfile\Debug\mt.write.1.tlog
G:\vs_zn\datatoheadfile\datatoheadfile\Debug\rc.command.1.tlog
G:\vs_zn\datatoheadfile\datatoheadfile\Debug\rc.read.1.tlog
G:\vs_zn\datatoheadfile\datatoheadfile\Debug\rc.write.1.tlog
G:\vs_zn\datatoheadfile\datatoheadfile\Debug\vc100.idb
G:\VS_ZN\DATATOHEADFILE\DATATOHEADFILE\DEBUG\VC100.PDB
G:\VS_ZN\DATATOHEADFILE\DEBUG\DATATOHEADFILE.EXE
G:\VS_ZN\DATATOHEADFILE\DEBUG\DATATOHEADFILE.ILK
G:\VS_ZN\DATATOHEADFILE\DEBUG\DATATOHEADFILE.PDB
